14:17:49.0248	Speech Start:	intro
14:18:09.1428	Speech End:	intro
14:18:09.6459	Condition:	FullModel

14:18:09.6469	Sandwich Start:	2_TS
14:18:09.6469	Speech Start:	2_TS_intro
14:18:12.0861	Speech End:	2_TS_intro
14:18:12.0861	Reference-Action Sequence Start:	1
14:18:12.0871	Reference Object:	13
14:18:12.0881	Ambiguous Objects:	4
14:18:12.0881	Phase Start:	PreReference
14:18:12.0951	Agent Gaze to Other:	9
14:18:13.1182	Agent Gaze to Other:	5
14:18:13.1192	Agent Gaze to Reference:	13
14:18:13.1192	Speech Start:	2_TS_PreReference_1
14:18:14.3653	Agent Gaze to Other:	16
14:18:15.0254	Speech End:	2_TS_PreReference_1
14:18:15.0254	Phase Start:	Reference
14:18:15.0254	Speech Start:	2_TS_Reference_1
14:18:15.3644	Agent Gaze to Reference:	13
14:18:15.7585	Speech End:	2_TS_Reference_1
14:18:16.2855	Phase Start:	Monitor
14:18:17.2496	Agent Gaze to Other:	7
14:18:17.8677	Agent Gaze to Other:	9
14:18:19.1068	Agent Gaze to User
14:18:21.5361	Agent Gaze to Ambiguous:	4
14:18:22.6612	Agent Gaze to User
14:18:24.6734	Agent Gaze to Other:	11
14:18:25.4144	Agent Gaze to Other:	11
14:18:25.7035	Agent Gaze to Other:	10
14:18:26.5606	Agent Gaze to User
14:18:29.2188	Agent Gaze to Reference:	13
14:18:30.6490	Agent Gaze to Other:	3
14:18:31.2370	Agent Gaze to Other:	17
14:18:31.2450	Agent Gaze to Reference:	13
14:18:32.4461	Agent Gaze to User
14:18:34.3773	Agent Gaze to Other:	1
14:18:35.3114	Agent Gaze to User
14:18:37.5467	Agent Gaze to Reference:	13
14:18:37.5537	Agent Gaze to User
14:18:37.8917	End of Log
